proguard/mapping.txt
chersanya.tiddownload.CTX -> chersanya.tiddownload.a:
    android.app.Activity context -> a
    android.app.Activity get() -> a
    void set(android.app.Activity) -> a
chersanya.tiddownload.IEngine -> chersanya.tiddownload.b:
    chersanya.tiddownload.Song[] search(java.lang.String) -> a
chersanya.tiddownload.LocalEngine -> chersanya.tiddownload.c:
    chersanya.tiddownload.LocalEngine$LocalSong[] search(java.lang.String) -> a
    java.util.List ngrams$319aad31(java.lang.String) -> b
    java.lang.String concat(java.util.List,int,int) -> a
    int common(java.util.Set,java.util.List) -> a
chersanya.tiddownload.LocalEngine$1 -> chersanya.tiddownload.d:
    int compare(java.lang.Object,java.lang.Object) -> compare
chersanya.tiddownload.LocalEngine$LocalSong -> chersanya.tiddownload.e:
    java.lang.String artist -> a
    java.lang.String title -> b
    java.lang.String display_name -> c
    android.net.Uri uri -> d
    int size -> e
    int duration -> f
    java.util.Date date_added -> g
    java.lang.String toString() -> toString
chersanya.tiddownload.Preferences -> chersanya.tiddownload.Preferences:
    void onCreate(android.os.Bundle) -> onCreate
    android.net.Uri getDownloadFolder() -> a
    boolean isInternalDownloader() -> b
chersanya.tiddownload.Song -> chersanya.tiddownload.f:
    java.lang.String artist -> a
    java.lang.String title -> b
    android.net.Uri uri -> c
    int duration -> d
    int size -> e
    java.lang.String getDurationStr() -> a
    int getSize() -> b
chersanya.tiddownload.SongDialog -> chersanya.tiddownload.g:
    android.app.ProgressDialog progressDialog -> a
    chersanya.tiddownload.Song song -> b
    void show() -> a
    android.app.ProgressDialog access$0(chersanya.tiddownload.SongDialog) -> a
    chersanya.tiddownload.Song access$1(chersanya.tiddownload.SongDialog) -> b
chersanya.tiddownload.SongDialog$1 -> chersanya.tiddownload.h:
    chersanya.tiddownload.SongDialog this$0 -> a
    void onClick(android.content.DialogInterface,int) -> onClick
chersanya.tiddownload.SongDialog$1$1 -> chersanya.tiddownload.i:
    chersanya.tiddownload.SongDialog$1 this$1 -> a
    java.lang.String[] val$filenames -> b
    void onClick(android.content.DialogInterface,int) -> onClick
chersanya.tiddownload.SongDialog$2 -> chersanya.tiddownload.j:
    chersanya.tiddownload.SongDialog this$0 -> a
    void onClick(android.content.DialogInterface,int) -> onClick
chersanya.tiddownload.SongDialog$DownloadTask -> chersanya.tiddownload.k:
    java.lang.String url -> b
    java.lang.String destination -> c
    chersanya.tiddownload.SongDialog this$0 -> a
    java.lang.Void doInBackground$10299ca() -> a
    void onPreExecute() -> onPreExecute
    void onPostExecute(java.lang.Object) -> onPostExecute
    java.lang.Object doInBackground(java.lang.Object[]) -> doInBackground
    void onProgressUpdate(java.lang.Object[]) -> onProgressUpdate
chersanya.tiddownload.SongDialog$SizeLoadTask -> chersanya.tiddownload.l:
    android.view.View layout -> b
    chersanya.tiddownload.SongDialog this$0 -> a
    void onPostExecute(java.lang.Object) -> onPostExecute
    java.lang.Object doInBackground(java.lang.Object[]) -> doInBackground
chersanya.tiddownload.SongsAdapter -> chersanya.tiddownload.m:
    android.content.Context context -> a
    chersanya.tiddownload.Song[] songs -> b
    android.view.View$OnClickListener clickListener -> c
    android.view.View getView(int,android.view.View,android.view.ViewGroup) -> getView
chersanya.tiddownload.SongsAdapter$1 -> chersanya.tiddownload.n:
    chersanya.tiddownload.SongsAdapter this$0 -> a
    void onClick(android.view.View) -> onClick
...
de.quist.app.errorreporter.ExceptionReportActivity -> de.quist.app.errorreporter.ExceptionReportActivity:
    java.lang.String META_DATA_DIALOG_TITLE -> a
    java.lang.String META_DATA_DIALOG_TEXT -> b
    java.lang.String META_DATA_DIALOG_ICON -> c
    java.lang.String META_DATA_DIALOG_MESSAGE_HINT -> d
    java.lang.String META_DATA_DIALOG_SEND_BUTTON -> e
    java.lang.String META_DATA_DIALOG_CANCEL_BUTTON -> f
    java.lang.CharSequence DEFAULT_DIALOG_TITLE -> g
    java.lang.CharSequence DEFAULT_DIALOG_TEXT -> h
    java.lang.String TAG -> i
    android.content.pm.ApplicationInfo info -> j
    void onCreate(android.os.Bundle) -> onCreate
    java.lang.CharSequence getDialogPositiveButtonText() -> a
    java.lang.CharSequence getDialogNegativeButtonText() -> b
    java.lang.CharSequence getDialogTitle() -> c
    java.lang.CharSequence getDialogText() -> d
    java.lang.CharSequence getDialogMessageHint() -> e
    android.graphics.drawable.Drawable getDialogIcon() -> f
    android.content.pm.ApplicationInfo getPackageApplicationInfo() -> g
de.quist.app.errorreporter.ExceptionReportActivity$1 -> de.quist.app.errorreporter.a:
    de.quist.app.errorreporter.ExceptionReportActivity this$0 -> a
    android.widget.EditText val$text -> b
    void onClick(android.content.DialogInterface,int) -> onClick
de.quist.app.errorreporter.ExceptionReportActivity$2 -> de.quist.app.errorreporter.b:
    de.quist.app.errorreporter.ExceptionReportActivity this$0 -> a
    void onClick(android.content.DialogInterface,int) -> onClick
de.quist.app.errorreporter.ExceptionReportService -> de.quist.app.errorreporter.ExceptionReportService:
    java.lang.String ACTION_SEND_REPORT -> a
    java.lang.String EXTRA_STACK_TRACE -> b
    java.lang.String EXTRA_EXCEPTION_CLASS -> c
    java.lang.String EXTRA_MESSAGE -> d
    java.lang.String EXTRA_EXCEPTION_TIME -> e
    java.lang.String EXTRA_THREAD_NAME -> f
    java.lang.String EXTRA_EXTRA_MESSAGE -> g
    java.lang.String EXTRA_MANUAL_REPORT -> h
    java.lang.String EXTRA_AVAILABLE_MEMORY -> i
    java.lang.String EXTRA_TOTAL_MEMORY -> j
    java.lang.String EXTRA_CURRENT_RETRY_COUNT -> k
    java.lang.String TAG -> l
    java.lang.String META_DATA_MAXIMUM_RETRY_COUNT -> m
    java.lang.String META_DATA_MAXIMUM_BACKOFF_EXPONENT -> n
    java.lang.String META_DATA_REPORT_ON_FROYO -> o
    java.lang.String META_DATA_FIELDS_TO_SEND -> p
    void onHandleIntent(android.content.Intent) -> onHandleIntent
    void addNameValuePair(java.util.List,java.util.Set,java.lang.String,java.lang.String) -> a
    int getSdkInt() -> a
    int getMaximumRetryCount() -> b
    int getMaximumBackoffExponent() -> c
    java.util.Set getFieldsToSend() -> d
    boolean isReportOnFroyo() -> e